#
# A fatal error has been detected by the Java Runtime Environment:
#
#  EXCEPTION_ACCESS_VIOLATION (0xc0000005) at pc=0x0000000074653294, pid=3936, tid=0x0000000000003b3c
#
# JRE version: Java(TM) SE Runtime Environment (8.0_144-b01) (build 1.8.0_144-b01)
# Java VM: Java HotSpot(TM) 64-Bit Server VM (25.144-b01 mixed mode windows-amd64 compressed oops)
# Problematic frame:
# C  [jfxwebkit.dll+0x4e3294]
#
# Failed to write core dump. Minidumps are not enabled by default on client versions of Windows
#
# If you would like to submit a bug report, please visit:
#   http://bugreport.java.com/bugreport/crash.jsp
# The crash happened outside the Java Virtual Machine in native code.
# See problematic frame for where to report the bug.
#

---------------  T H R E A D  ---------------

Current thread (0x0000000021aca800):  JavaThread "JavaFX Application Thread" [_thread_in_native, id=15164, stack(0x00000000251b0000,0x00000000252b0000)]

siginfo: ExceptionCode=0xc0000005, reading address 0x0000000000000030

Registers:
RAX=0x0000000000000000, RBX=0x00000000464f67f0, RCX=0x0000000000000000, RDX=0x0000000000000000
RSP=0x00000000252aa640, RBP=0x0000000000000000, RSI=0x0000000024d2bb00, RDI=0x0000000024d2bb60
R8 =0x0000000000000000, R9 =0x0000000000000001, R10=0x0000000000000003, R11=0x00000000252aa450
R12=0x00000000464fee60, R13=0x00000000252aae70, R14=0x0000000000000001, R15=0x00000000252aa960
RIP=0x0000000074653294, EFLAGS=0x0000000000010202

Top of Stack: (sp=0x00000000252aa640)
0x00000000252aa640:   0000000000000000 000000007461483c
0x00000000252aa650:   0000000000000000 00000000464f67f0
0x00000000252aa660:   0000000000000000 0000000024d2bb00
0x00000000252aa670:   0000000000000000 0000000000000000
0x00000000252aa680:   0000000000000001 00000000746190e7
0x00000000252aa690:   00000000464f67f0 0000000024d2bb00
0x00000000252aa6a0:   0000000024d2bb60 0000000000000000
0x00000000252aa6b0:   0000000000000000 0000000000000000
0x00000000252aa6c0:   0000000000000000 0000000000000000
0x00000000252aa6d0:   0000000000000000 0000000000000000
0x00000000252aa6e0:   0000000000000000 0000000000000000
0x00000000252aa6f0:   0000000000000000 0100010100000000
0x00000000252aa700:   0000000000000000 0000000000000001
0x00000000252aa710:   0000000000000005 0000000000000000
0x00000000252aa720:   0000000021abcc00 0000000077d66f08
0x00000000252aa730:   000000004588ad80 000000007462fea0 

Instructions: (pc=0x0000000074653294)
0x0000000074653274:   00 00 00 ff 10 48 8b 5c 24 30 48 8b 6c 24 38 48
0x0000000074653284:   8b 74 24 40 48 83 c4 20 5f c3 cc cc 48 83 ec 48
0x0000000074653294:   48 8b 41 30 48 85 c0 74 0c 48 8b c8 48 83 c4 48
0x00000000746532a4:   e9 c7 e2 ff ff 48 8b 49 28 33 c0 48 89 44 24 20 


Register to memory mapping:

RAX=0x0000000000000000 is an unknown value
RBX=0x00000000464f67f0 is an unknown value
RCX=0x0000000000000000 is an unknown value
RDX=0x0000000000000000 is an unknown value
RSP=0x00000000252aa640 is pointing into the stack for thread: 0x0000000021aca800
RBP=0x0000000000000000 is an unknown value
RSI=0x0000000024d2bb00 is an unknown value
RDI=0x0000000024d2bb60 is an unknown value
R8 =0x0000000000000000 is an unknown value
R9 =0x0000000000000001 is an unknown value
R10=0x0000000000000003 is an unknown value
R11=0x00000000252aa450 is pointing into the stack for thread: 0x0000000021aca800
R12=0x00000000464fee60 is an unknown value
R13=0x00000000252aae70 is pointing into the stack for thread: 0x0000000021aca800
R14=0x0000000000000001 is an unknown value
R15=0x00000000252aa960 is pointing into the stack for thread: 0x0000000021aca800


Stack: [0x00000000251b0000,0x00000000252b0000],  sp=0x00000000252aa640,  free space=1001k
Native frames: (J=compiled Java code, j=interpreted, Vv=VM code, C=native code)

Java frames: (J=compiled Java code, j=interpreted, Vv=VM code)
j  com.sun.webkit.WebPage.twkProcessMouseEvent(JIIIIIIIZZZZZD)Z+0
j  com.sun.webkit.WebPage.dispatchMouseEvent(Lcom/sun/webkit/event/WCMouseEvent;)Z+142
j  javafx.scene.web.WebView.processMouseEvent(Ljavafx/scene/input/MouseEvent;)V+181
j  javafx.scene.web.WebView.lambda$registerEventHandlers$32(Ljavafx/scene/input/MouseEvent;)V+2
j  javafx.scene.web.WebView$$Lambda$88.handle(Ljavafx/event/Event;)V+8
j  com.sun.javafx.event.CompositeEventHandler$NormalEventHandlerRecord.handleBubblingEvent(Ljavafx/event/Event;)V+5
j  com.sun.javafx.event.CompositeEventHandler.dispatchBubblingEvent(Ljavafx/event/Event;)V+28
J 3500 C1 com.sun.javafx.event.EventHandlerManager.dispatchBubblingEvent(Ljavafx/event/EventType;Ljavafx/event/Event;)Ljavafx/event/Event; (34 bytes) @ 0x0000000003a2a9f4 [0x0000000003a2a480+0x574]
j  com.sun.javafx.event.EventHandlerManager.dispatchBubblingEvent(Ljavafx/event/Event;)Ljavafx/event/Event;+8
j  com.sun.javafx.event.CompositeEventDispatcher.dispatchBubblingEvent(Ljavafx/event/Event;)Ljavafx/event/Event;+11
J 3570 C1 com.sun.javafx.event.BasicEventDispatcher.dispatchEvent(Ljavafx/event/Event;Ljavafx/event/EventDispatchChain;)Ljavafx/event/Event; (44 bytes) @ 0x0000000003a621fc [0x0000000003a61ec0+0x33c]
J 3492 C1 com.sun.javafx.event.EventDispatchChainImpl.dispatchEvent(Ljavafx/event/Event;)Ljavafx/event/Event; (101 bytes) @ 0x0000000003a24b3c [0x0000000003a24980+0x1bc]
J 3570 C1 com.sun.javafx.event.BasicEventDispatcher.dispatchEvent(Ljavafx/event/Event;Ljavafx/event/EventDispatchChain;)Ljavafx/event/Event; (44 bytes) @ 0x0000000003a62114 [0x0000000003a61ec0+0x254]
J 3492 C1 com.sun.javafx.event.EventDispatchChainImpl.dispatchEvent(Ljavafx/event/Event;)Ljavafx/event/Event; (101 bytes) @ 0x0000000003a24b3c [0x0000000003a24980+0x1bc]
J 3570 C1 com.sun.javafx.event.BasicEventDispatcher.dispatchEvent(Ljavafx/event/Event;Ljavafx/event/EventDispatchChain;)Ljavafx/event/Event; (44 bytes) @ 0x0000000003a62114 [0x0000000003a61ec0+0x254]
J 3492 C1 com.sun.javafx.event.EventDispatchChainImpl.dispatchEvent(Ljavafx/event/Event;)Ljavafx/event/Event; (101 bytes) @ 0x0000000003a24b3c [0x0000000003a24980+0x1bc]
j  com.sun.javafx.event.EventUtil.fireEventImpl(Ljavafx/event/EventDispatchChain;Ljavafx/event/EventTarget;Ljavafx/event/Event;)Ljavafx/event/Event;+10
j  com.sun.javafx.event.EventUtil.fireEvent(Ljavafx/event/EventTarget;Ljavafx/event/Event;)Ljavafx/event/Event;+46
j  javafx.event.Event.fireEvent(Ljavafx/event/EventTarget;Ljavafx/event/Event;)V+30
j  javafx.scene.Scene$MouseHandler.process(Ljavafx/scene/input/MouseEvent;Z)V+491
J 4053 C1 javafx.scene.Scene$MouseHandler.access$1500(Ljavafx/scene/Scene$MouseHandler;Ljavafx/scene/input/MouseEvent;Z)V (7 bytes) @ 0x000000000346759c [0x0000000003467540+0x5c]
j  javafx.scene.Scene.impl_processMouseEvent(Ljavafx/scene/input/MouseEvent;)V+6
j  javafx.scene.Scene$ScenePeerListener.mouseEvent(Ljavafx/event/EventType;DDDDLjavafx/scene/input/MouseButton;ZZZZZZZZZ)V+46
j  com.sun.javafx.tk.quantum.GlassViewEventHandler$MouseEventNotification.run()Ljava/lang/Void;+514
j  com.sun.javafx.tk.quantum.GlassViewEventHandler$MouseEventNotification.run()Ljava/lang/Object;+1
v  ~StubRoutines::call_stub
J 2254  java.security.AccessController.doPrivileged(Ljava/security/PrivilegedAction;Ljava/security/AccessControlContext;)Ljava/lang/Object; (0 bytes) @ 0x00000000036b80e6 [0x00000000036b8080+0x66]
j  com.sun.javafx.tk.quantum.GlassViewEventHandler.lambda$handleMouseEvent$354()Ljava/lang/Void;+11
j  com.sun.javafx.tk.quantum.GlassViewEventHandler$$Lambda$256.get()Ljava/lang/Object;+4
j  com.sun.javafx.tk.quantum.QuantumToolkit.runWithoutRenderLock(Ljava/util/function/Supplier;)Ljava/lang/Object;+18
j  com.sun.javafx.tk.quantum.GlassViewEventHandler.handleMouseEvent(Lcom/sun/glass/ui/View;JIIIIIIIZZ)V+103
j  com.sun.glass.ui.View.handleMouseEvent(JIIIIIIIZZ)V+30
j  com.sun.glass.ui.View.notifyMouse(IIIIIIIZZ)V+181
v  ~StubRoutines::call_stub
j  com.sun.glass.ui.win.WinApplication._runLoop(Ljava/lang/Runnable;)V+0
j  com.sun.glass.ui.win.WinApplication.lambda$null$148(ILjava/lang/Runnable;)V+8
j  com.sun.glass.ui.win.WinApplication$$Lambda$38.run()V+12
j  java.lang.Thread.run()V+11
v  ~StubRoutines::call_stub

---------------  P R O C E S S  ---------------

Java Threads: ( => current thread )
  0x000000002b3e3000 JavaThread "Thread-6" daemon [_thread_in_native, id=14284, stack(0x000000003d6e0000,0x000000003d7e0000)]
  0x000000002b3df800 JavaThread "URL-Loader-36" daemon [_thread_blocked, id=13720, stack(0x000000003d4e0000,0x000000003d5e0000)]
  0x000000002b3d8000 JavaThread "URL-Loader-35" daemon [_thread_blocked, id=15932, stack(0x000000003d3e0000,0x000000003d4e0000)]
  0x000000002b3dd800 JavaThread "URL-Loader-34" daemon [_thread_blocked, id=21272, stack(0x000000003bfe0000,0x000000003c0e0000)]
  0x000000002b3dc000 JavaThread "URL-Loader-33" daemon [_thread_blocked, id=8288, stack(0x000000003bb60000,0x000000003bc60000)]
  0x000000002b3de000 JavaThread "URL-Loader-32" daemon [_thread_blocked, id=14240, stack(0x000000003aa90000,0x000000003ab90000)]
  0x000000002b3dc800 JavaThread "URL-Loader-31" daemon [_thread_blocked, id=23504, stack(0x000000003a990000,0x000000003aa90000)]
  0x000000002b3db000 JavaThread "URL-Loader-30" daemon [_thread_blocked, id=26376, stack(0x00000000398c0000,0x00000000399c0000)]
  0x000000002b3d9000 JavaThread "URL-Loader-29" daemon [_thread_blocked, id=6392, stack(0x00000000397c0000,0x00000000398c0000)]
  0x000000002b3d5000 JavaThread "URL-Loader-28" daemon [_thread_blocked, id=8424, stack(0x0000000034780000,0x0000000034880000)]
  0x000000002b3da800 JavaThread "URL-Loader-27" daemon [_thread_blocked, id=10636, stack(0x0000000033600000,0x0000000033700000)]
  0x000000002b3d7800 JavaThread "URL-Loader-26" daemon [_thread_blocked, id=8292, stack(0x0000000033300000,0x0000000033400000)]
  0x000000002b3d6800 JavaThread "URL-Loader-25" daemon [_thread_blocked, id=23856, stack(0x0000000032d40000,0x0000000032e40000)]
  0x000000002b3d9800 JavaThread "URL-Loader-24" daemon [_thread_blocked, id=7368, stack(0x0000000032c40000,0x0000000032d40000)]
  0x000000002b3d3800 JavaThread "URL-Loader-23" daemon [_thread_blocked, id=22848, stack(0x0000000032b40000,0x0000000032c40000)]
  0x000000002b3d6000 JavaThread "URL-Loader-22" daemon [_thread_blocked, id=19296, stack(0x0000000032a40000,0x0000000032b40000)]
  0x000000002b3d4800 JavaThread "URL-Loader-21" daemon [_thread_blocked, id=15760, stack(0x000000002a900000,0x000000002aa00000)]
  0x000000002b3e2000 JavaThread "URL-Loader-19" daemon [_thread_blocked, id=17684, stack(0x000000003d5e0000,0x000000003d6e0000)]
  0x000000002b3e1800 JavaThread "URL-Loader-17" daemon [_thread_blocked, id=3216, stack(0x0000000033500000,0x0000000033600000)]
  0x000000002b3e0800 JavaThread "URL-Loader-16" daemon [_thread_blocked, id=21184, stack(0x0000000033400000,0x0000000033500000)]
  0x000000001ea21800 JavaThread "Keep-Alive-Timer" daemon [_thread_blocked, id=1316, stack(0x0000000031870000,0x0000000031970000)]
  0x000000001ea24000 JavaThread "URL-Loader-2" daemon [_thread_blocked, id=15580, stack(0x0000000031770000,0x0000000031870000)]
  0x0000000021fb0800 JavaThread "Prism Font Disposer" daemon [_thread_blocked, id=22472, stack(0x000000002c150000,0x000000002c250000)]
  0x0000000021dbf800 JavaThread "Disposer" daemon [_thread_blocked, id=5496, stack(0x000000002a600000,0x000000002a700000)]
  0x0000000021bd1800 JavaThread "JavaFX-Launcher" [_thread_blocked, id=13636, stack(0x000000002a2f0000,0x000000002a3f0000)]
  0x0000000021b82800 JavaThread "Thread-2" daemon [_thread_in_native, id=18764, stack(0x0000000029ef0000,0x0000000029ff0000)]
  0x0000000021b38800 JavaThread "Abandoned connection cleanup thread" daemon [_thread_blocked, id=7312, stack(0x0000000029ff0000,0x000000002a0f0000)]
=>0x0000000021aca800 JavaThread "JavaFX Application Thread" [_thread_in_native, id=15164, stack(0x00000000251b0000,0x00000000252b0000)]
  0x0000000021ab9000 JavaThread "Thread-1" daemon [_thread_blocked, id=6732, stack(0x00000000250b0000,0x00000000251b0000)]
  0x0000000021a91000 JavaThread "QuantumRenderer-0" daemon [_thread_blocked, id=7360, stack(0x0000000022050000,0x0000000022150000)]
  0x000000001eaa4800 JavaThread "Service Thread" daemon [_thread_blocked, id=14552, stack(0x0000000021650000,0x0000000021750000)]
  0x000000001ea24800 JavaThread "C1 CompilerThread11" daemon [_thread_blocked, id=21144, stack(0x0000000021550000,0x0000000021650000)]
  0x000000001ea28800 JavaThread "C1 CompilerThread10" daemon [_thread_blocked, id=4668, stack(0x0000000021450000,0x0000000021550000)]
  0x000000001ea22800 JavaThread "C1 CompilerThread9" daemon [_thread_blocked, id=24132, stack(0x0000000021350000,0x0000000021450000)]
  0x000000001ea27800 JavaThread "C1 CompilerThread8" daemon [_thread_blocked, id=4744, stack(0x0000000021250000,0x0000000021350000)]
  0x000000001ea23000 JavaThread "C2 CompilerThread7" daemon [_thread_blocked, id=7364, stack(0x0000000021150000,0x0000000021250000)]
  0x000000001ea0d000 JavaThread "C2 CompilerThread6" daemon [_thread_blocked, id=22184, stack(0x0000000021050000,0x0000000021150000)]
  0x000000001ea08800 JavaThread "C2 CompilerThread5" daemon [_thread_blocked, id=15032, stack(0x0000000020f50000,0x0000000021050000)]
  0x000000001e9f0000 JavaThread "C2 CompilerThread4" daemon [_thread_blocked, id=10956, stack(0x0000000020e50000,0x0000000020f50000)]
  0x000000001e9df000 JavaThread "C2 CompilerThread3" daemon [_thread_blocked, id=16688, stack(0x0000000020d50000,0x0000000020e50000)]
  0x000000001e9c2800 JavaThread "C2 CompilerThread2" daemon [_thread_blocked, id=13728, stack(0x0000000020c50000,0x0000000020d50000)]
  0x000000001e9c1800 JavaThread "C2 CompilerThread1" daemon [_thread_blocked, id=22208, stack(0x0000000020b50000,0x0000000020c50000)]
  0x000000001e9be000 JavaThread "C2 CompilerThread0" daemon [_thread_blocked, id=17648, stack(0x0000000020a50000,0x0000000020b50000)]
  0x000000001e9bc800 JavaThread "Attach Listener" daemon [_thread_blocked, id=8960, stack(0x0000000020950000,0x0000000020a50000)]
  0x000000001e9bc000 JavaThread "Signal Dispatcher" daemon [_thread_blocked, id=19520, stack(0x0000000020850000,0x0000000020950000)]
  0x000000001ccec800 JavaThread "Finalizer" daemon [_thread_blocked, id=12544, stack(0x0000000020620000,0x0000000020720000)]
  0x000000001cce4000 JavaThread "Reference Handler" daemon [_thread_blocked, id=4564, stack(0x0000000020520000,0x0000000020620000)]
  0x0000000002bcd800 JavaThread "main" [_thread_blocked, id=18184, stack(0x0000000002bd0000,0x0000000002cd0000)]

Other Threads:
  0x000000001e986800 VMThread [stack: 0x0000000020420000,0x0000000020520000] [id=16620]
  0x000000001eaaf000 WatcherThread [stack: 0x0000000021750000,0x0000000021850000] [id=9480]

VM state:not at safepoint (normal execution)

VM Mutex/Monitor currently owned by a thread: None

Heap:
 PSYoungGen      total 125952K, used 70557K [0x000000076ca00000, 0x000000077ab00000, 0x00000007c0000000)
  eden space 115200K, 53% used [0x000000076ca00000,0x00000007706a48c8,0x0000000773a80000)
  from space 10752K, 78% used [0x0000000773a80000,0x00000007742c2c68,0x0000000774500000)
  to   space 10240K, 0% used [0x000000077a100000,0x000000077a100000,0x000000077ab00000)
 ParOldGen       total 121344K, used 6352K [0x00000006c5e00000, 0x00000006cd480000, 0x000000076ca00000)
  object space 121344K, 5% used [0x00000006c5e00000,0x00000006c6434000,0x00000006cd480000)
 Metaspace       used 25906K, capacity 26834K, committed 26880K, reserved 1073152K
  class space    used 3340K, capacity 3576K, committed 3584K, reserved 1048576K

Card table byte_map: [0x0000000012190000,0x0000000012970000] byte_map_base: 0x000000000eb61000

Marking Bits: (ParMarkBitMap*) 0x0000000077f7d850
 Begin Bits: [0x0000000013db0000, 0x0000000017c38000)
 End Bits:   [0x0000000017c38000, 0x000000001bac0000)

Polling page: 0x0000000001200000

CodeCache: size=245760Kb used=13177Kb max_used=13177Kb free=232582Kb
 bounds [0x0000000002dd0000, 0x0000000003ad0000, 0x0000000011dd0000]
 total_blobs=4486 nmethods=3654 adapters=741
 compilation: enabled

Compilation events (10 events):
Event: 19.469 Thread 0x000000001ea27800 4083       3       com.sun.prism.d3d.D3DSwapChain::getPhysicalHeight (11 bytes)
Event: 19.469 Thread 0x000000001ea27800 nmethod 4083 0x0000000003346c90 code [0x0000000003346e00, 0x0000000003347068]
Event: 19.515 Thread 0x000000001ea27800 4084   !   3       com.sun.scenario.animation.shared.AnimationAccessor::getDefault (66 bytes)
Event: 19.516 Thread 0x000000001ea27800 nmethod 4084 0x00000000033462d0 code [0x0000000003346480, 0x0000000003346a28]
Event: 19.693 Thread 0x000000001ea28800 4085       3       javafx.beans.property.BooleanPropertyBase::set (110 bytes)
Event: 19.693 Thread 0x000000001ea28800 nmethod 4085 0x000000000323c6d0 code [0x000000000323c9e0, 0x000000000323e2d8]
Event: 19.693 Thread 0x000000001ea28800 4086       3       com.sun.javafx.event.CompositeEventDispatcher::dispatchBubblingEvent (35 bytes)
Event: 19.693 Thread 0x000000001ea28800 nmethod 4086 0x000000000323bed0 code [0x000000000323c060, 0x000000000323c578]
Event: 19.693 Thread 0x000000001ea28800 4087       3       com.sun.javafx.event.EventHandlerManager::dispatchBubblingEvent (23 bytes)
Event: 19.694 Thread 0x000000001ea28800 nmethod 4087 0x000000000312e5d0 code [0x000000000312e7a0, 0x000000000312f0f8]

GC Heap History (10 events):
Event: 0.694 GC heap before
{Heap before GC invocations=2 (full 1):
 PSYoungGen      total 75264K, used 6448K [0x000000076ca00000, 0x0000000771e00000, 0x00000007c0000000)
  eden space 64512K, 0% used [0x000000076ca00000,0x000000076ca00000,0x0000000770900000)
  from space 10752K, 59% used [0x0000000770900000,0x0000000770f4c0d8,0x0000000771380000)
  to   space 10752K, 0% used [0x0000000771380000,0x0000000771380000,0x0000000771e00000)
 ParOldGen       total 172032K, used 80K [0x00000006c5e00000, 0x00000006d0600000, 0x000000076ca00000)
  object space 172032K, 0% used [0x00000006c5e00000,0x00000006c5e14010,0x00000006d0600000)
 Metaspace       used 20518K, capacity 21160K, committed 21248K, reserved 1067008K
  class space    used 2830K, capacity 2993K, committed 3072K, reserved 1048576K
Event: 0.713 GC heap after
Heap after GC invocations=2 (full 1):
 PSYoungGen      total 75264K, used 0K [0x000000076ca00000, 0x0000000771e00000, 0x00000007c0000000)
  eden space 64512K, 0% used [0x000000076ca00000,0x000000076ca00000,0x0000000770900000)
  from space 10752K, 0% used [0x0000000770900000,0x0000000770900000,0x0000000771380000)
  to   space 10752K, 0% used [0x0000000771380000,0x0000000771380000,0x0000000771e00000)
 ParOldGen       total 121344K, used 6336K [0x00000006c5e00000, 0x00000006cd480000, 0x000000076ca00000)
  object space 121344K, 5% used [0x00000006c5e00000,0x00000006c6430000,0x00000006cd480000)
 Metaspace       used 20518K, capacity 21160K, committed 21248K, reserved 1067008K
  class space    used 2830K, capacity 2993K, committed 3072K, reserved 1048576K
}
Event: 1.312 GC heap before
{Heap before GC invocations=3 (full 1):
 PSYoungGen      total 75264K, used 64456K [0x000000076ca00000, 0x0000000771e00000, 0x00000007c0000000)
  eden space 64512K, 99% used [0x000000076ca00000,0x00000007708f21a0,0x0000000770900000)
  from space 10752K, 0% used [0x0000000770900000,0x0000000770900000,0x0000000771380000)
  to   space 10752K, 0% used [0x0000000771380000,0x0000000771380000,0x0000000771e00000)
 ParOldGen       total 121344K, used 6336K [0x00000006c5e00000, 0x00000006cd480000, 0x000000076ca00000)
  object space 121344K, 5% used [0x00000006c5e00000,0x00000006c6430000,0x00000006cd480000)
 Metaspace       used 23515K, capacity 24304K, committed 24448K, reserved 1071104K
  class space    used 3175K, capacity 3365K, committed 3456K, reserved 1048576K
Event: 1.317 GC heap after
Heap after GC invocations=3 (full 1):
 PSYoungGen      total 75264K, used 8703K [0x000000076ca00000, 0x0000000772d00000, 0x00000007c0000000)
  eden space 64512K, 0% used [0x000000076ca00000,0x000000076ca00000,0x0000000770900000)
  from space 10752K, 80% used [0x0000000771380000,0x0000000771bffff8,0x0000000771e00000)
  to   space 10752K, 0% used [0x0000000770900000,0x0000000770900000,0x0000000771380000)
 ParOldGen       total 121344K, used 6344K [0x00000006c5e00000, 0x00000006cd480000, 0x000000076ca00000)
  object space 121344K, 5% used [0x00000006c5e00000,0x00000006c6432000,0x00000006cd480000)
 Metaspace       used 23515K, capacity 24304K, committed 24448K, reserved 1071104K
  class space    used 3175K, capacity 3365K, committed 3456K, reserved 1048576K
}
Event: 1.327 GC heap before
{Heap before GC invocations=4 (full 1):
 PSYoungGen      total 75264K, used 73171K [0x000000076ca00000, 0x0000000772d00000, 0x00000007c0000000)
  eden space 64512K, 99% used [0x000000076ca00000,0x00000007708f4e98,0x0000000770900000)
  from space 10752K, 80% used [0x0000000771380000,0x0000000771bffff8,0x0000000771e00000)
  to   space 10752K, 0% used [0x0000000770900000,0x0000000770900000,0x0000000771380000)
 ParOldGen       total 121344K, used 6344K [0x00000006c5e00000, 0x00000006cd480000, 0x000000076ca00000)
  object space 121344K, 5% used [0x00000006c5e00000,0x00000006c6432000,0x00000006cd480000)
 Metaspace       used 23516K, capacity 24304K, committed 24448K, reserved 1071104K
  class space    used 3175K, capacity 3365K, committed 3456K, reserved 1048576K
Event: 1.330 GC heap after
Heap after GC invocations=4 (full 1):
 PSYoungGen      total 75264K, used 5423K [0x000000076ca00000, 0x0000000774f80000, 0x00000007c0000000)
  eden space 64512K, 0% used [0x000000076ca00000,0x000000076ca00000,0x0000000770900000)
  from space 10752K, 50% used [0x0000000770900000,0x0000000770e4bd78,0x0000000771380000)
  to   space 10752K, 0% used [0x0000000774500000,0x0000000774500000,0x0000000774f80000)
 ParOldGen       total 121344K, used 6344K [0x00000006c5e00000, 0x00000006cd480000, 0x000000076ca00000)
  object space 121344K, 5% used [0x00000006c5e00000,0x00000006c6432000,0x00000006cd480000)
 Metaspace       used 23516K, capacity 24304K, committed 24448K, reserved 1071104K
  class space    used 3175K, capacity 3365K, committed 3456K, reserved 1048576K
}
Event: 1.337 GC heap before
{Heap before GC invocations=5 (full 1):
 PSYoungGen      total 75264K, used 69800K [0x000000076ca00000, 0x0000000774f80000, 0x00000007c0000000)
  eden space 64512K, 99% used [0x000000076ca00000,0x00000007708de3a8,0x0000000770900000)
  from space 10752K, 50% used [0x0000000770900000,0x0000000770e4bd78,0x0000000771380000)
  to   space 10752K, 0% used [0x0000000774500000,0x0000000774500000,0x0000000774f80000)
 ParOldGen       total 121344K, used 6344K [0x00000006c5e00000, 0x00000006cd480000, 0x000000076ca00000)
  object space 121344K, 5% used [0x00000006c5e00000,0x00000006c6432000,0x00000006cd480000)
 Metaspace       used 23516K, capacity 24304K, committed 24448K, reserved 1071104K
  class space    used 3175K, capacity 3365K, committed 3456K, reserved 1048576K
Event: 1.341 GC heap after
Heap after GC invocations=5 (full 1):
 PSYoungGen      total 125952K, used 7617K [0x000000076ca00000, 0x0000000775480000, 0x00000007c0000000)
  eden space 115200K, 0% used [0x000000076ca00000,0x000000076ca00000,0x0000000773a80000)
  from space 10752K, 70% used [0x0000000774500000,0x0000000774c704a8,0x0000000774f80000)
  to   space 10752K, 0% used [0x0000000773a80000,0x0000000773a80000,0x0000000774500000)
 ParOldGen       total 121344K, used 6344K [0x00000006c5e00000, 0x00000006cd480000, 0x000000076ca00000)
  object space 121344K, 5% used [0x00000006c5e00000,0x00000006c6432000,0x00000006cd480000)
 Metaspace       used 23516K, capacity 24304K, committed 24448K, reserved 1071104K
  class space    used 3175K, capacity 3365K, committed 3456K, reserved 1048576K
}
Event: 2.036 GC heap before
{Heap before GC invocations=6 (full 1):
 PSYoungGen      total 125952K, used 122817K [0x000000076ca00000, 0x0000000775480000, 0x00000007c0000000)
  eden space 115200K, 100% used [0x000000076ca00000,0x0000000773a80000,0x0000000773a80000)
  from space 10752K, 70% used [0x0000000774500000,0x0000000774c704a8,0x0000000774f80000)
  to   space 10752K, 0% used [0x0000000773a80000,0x0000000773a80000,0x0000000774500000)
 ParOldGen       total 121344K, used 6344K [0x00000006c5e00000, 0x00000006cd480000, 0x000000076ca00000)
  object space 121344K, 5% used [0x00000006c5e00000,0x00000006c6432000,0x00000006cd480000)
 Metaspace       used 23797K, capacity 24626K, committed 24960K, reserved 1071104K
  class space    used 3208K, capacity 3406K, committed 3456K, reserved 1048576K
Event: 2.040 GC heap after
Heap after GC invocations=6 (full 1):
 PSYoungGen      total 125952K, used 8459K [0x000000076ca00000, 0x000000077ab00000, 0x00000007c0000000)
  eden space 115200K, 0% used [0x000000076ca00000,0x000000076ca00000,0x0000000773a80000)
  from space 10752K, 78% used [0x0000000773a80000,0x00000007742c2c68,0x0000000774500000)
  to   space 10240K, 0% used [0x000000077a100000,0x000000077a100000,0x000000077ab00000)
 ParOldGen       total 121344K, used 6352K [0x00000006c5e00000, 0x00000006cd480000, 0x000000076ca00000)
  object space 121344K, 5% used [0x00000006c5e00000,0x00000006c6434000,0x00000006cd480000)
 Metaspace       used 23797K, capacity 24626K, committed 24960K, reserved 1071104K
  class space    used 3208K, capacity 3406K, committed 3456K, reserved 1048576K
}

Deoptimization events (10 events):
Event: 2.464 Thread 0x000000002b3d8000 Uncommon trap: reason=unstable_if action=reinterpret pc=0x00000000037882ac method=sun.net.www.ParseUtil.match(CJJ)Z @ 13
Event: 2.771 Thread 0x000000001ea27000 Uncommon trap: reason=unstable_if action=reinterpret pc=0x000000000379ee48 method=java.io.BufferedInputStream.read1([BII)I @ 29
Event: 2.778 Thread 0x000000002b3d4800 Uncommon trap: reason=unstable_if action=reinterpret pc=0x000000000377de4c method=java.io.BufferedInputStream.read1([BII)I @ 29
Event: 3.068 Thread 0x000000002b3de000 Uncommon trap: reason=unstable_if action=reinterpret pc=0x00000000032f28a8 method=java.lang.String.indexOf([CII[CIII)I @ 27
Event: 15.356 Thread 0x0000000021a91000 Uncommon trap: reason=class_check action=maybe_recompile pc=0x000000000309d63c method=com.sun.javafx.font.CompositeStrike.getStrikeSlot(I)Lcom/sun/javafx/font/FontStrike; @ 16
Event: 15.357 Thread 0x0000000021a91000 Uncommon trap: reason=class_check action=maybe_recompile pc=0x000000000309d63c method=com.sun.javafx.font.CompositeStrike.getStrikeSlot(I)Lcom/sun/javafx/font/FontStrike; @ 16
Event: 15.358 Thread 0x0000000021a91000 Uncommon trap: reason=class_check action=maybe_recompile pc=0x000000000309d63c method=com.sun.javafx.font.CompositeStrike.getStrikeSlot(I)Lcom/sun/javafx/font/FontStrike; @ 16
Event: 15.359 Thread 0x0000000021a91000 Uncommon trap: reason=class_check action=maybe_recompile pc=0x000000000309d63c method=com.sun.javafx.font.CompositeStrike.getStrikeSlot(I)Lcom/sun/javafx/font/FontStrike; @ 16
Event: 15.467 Thread 0x000000002b3e0800 Uncommon trap: reason=class_check action=maybe_recompile pc=0x000000000343f730 method=java.io.FilterInputStream.read()I @ 4
Event: 15.467 Thread 0x000000002b3e0800 Uncommon trap: reason=class_check action=maybe_recompile pc=0x000000000343f730 method=java.io.FilterInputStream.read()I @ 4

Internal exceptions (10 events):
Event: 3.152 Thread 0x0000000021aca800 Exception <a 'java/io/FileNotFoundException'> (0x000000076e582450) thrown at [C:\re\workspace\8-2-build-windows-amd64-cygwin\jdk8u144\9417\hotspot\src\share\vm\prims\jni.cpp, line 709]
Event: 15.335 Thread 0x0000000021aca800 Exception <a 'java/io/FileNotFoundException'> (0x000000076fc7ac08) thrown at [C:\re\workspace\8-2-build-windows-amd64-cygwin\jdk8u144\9417\hotspot\src\share\vm\prims\jni.cpp, line 709]
Event: 15.335 Thread 0x0000000021aca800 Exception <a 'java/io/FileNotFoundException'> (0x000000076fc7bc70) thrown at [C:\re\workspace\8-2-build-windows-amd64-cygwin\jdk8u144\9417\hotspot\src\share\vm\prims\jni.cpp, line 709]
Event: 15.335 Thread 0x0000000021aca800 Exception <a 'java/io/FileNotFoundException'> (0x000000076fc7cd70) thrown at [C:\re\workspace\8-2-build-windows-amd64-cygwin\jdk8u144\9417\hotspot\src\share\vm\prims\jni.cpp, line 709]
Event: 15.335 Thread 0x0000000021aca800 Exception <a 'java/io/FileNotFoundException'> (0x000000076fc7ddb8) thrown at [C:\re\workspace\8-2-build-windows-amd64-cygwin\jdk8u144\9417\hotspot\src\share\vm\prims\jni.cpp, line 709]
Event: 15.336 Thread 0x0000000021aca800 Exception <a 'java/io/FileNotFoundException'> (0x000000076fce6190) thrown at [C:\re\workspace\8-2-build-windows-amd64-cygwin\jdk8u144\9417\hotspot\src\share\vm\prims\jni.cpp, line 709]
Event: 15.336 Thread 0x0000000021aca800 Exception <a 'java/io/FileNotFoundException'> (0x000000076fce71f8) thrown at [C:\re\workspace\8-2-build-windows-amd64-cygwin\jdk8u144\9417\hotspot\src\share\vm\prims\jni.cpp, line 709]
Event: 15.336 Thread 0x0000000021aca800 Exception <a 'java/io/FileNotFoundException'> (0x000000076fce82f8) thrown at [C:\re\workspace\8-2-build-windows-amd64-cygwin\jdk8u144\9417\hotspot\src\share\vm\prims\jni.cpp, line 709]
Event: 15.336 Thread 0x0000000021aca800 Exception <a 'java/io/FileNotFoundException'> (0x000000076fce9340) thrown at [C:\re\workspace\8-2-build-windows-amd64-cygwin\jdk8u144\9417\hotspot\src\share\vm\prims\jni.cpp, line 709]
Event: 15.360 Thread 0x000000002b3e3000 Exception <a 'sun/nio/fs/WindowsException'> (0x000000076fdc1fe8) thrown at [C:\re\workspace\8-2-build-windows-amd64-cygwin\jdk8u144\9417\hotspot\src\share\vm\prims\jni.cpp, line 709]

Events (10 events):
Event: 16.482 Executing VM operation: RevokeBias
Event: 16.482 Executing VM operation: RevokeBias done
Event: 16.482 Executing VM operation: RevokeBias
Event: 16.482 Executing VM operation: RevokeBias done
Event: 16.482 Executing VM operation: RevokeBias
Event: 16.482 Executing VM operation: RevokeBias done
Event: 16.482 Executing VM operation: RevokeBias
Event: 16.482 Executing VM operation: RevokeBias done
Event: 16.482 Executing VM operation: RevokeBias
Event: 16.482 Executing VM operation: RevokeBias done


Dynamic libraries:
0x00007ff64ef70000 - 0x00007ff64efa7000 	C:\Program Files\Java\jdk1.8.0_144\bin\java.exe
0x00007ff9e7a70000 - 0x00007ff9e7c84000 	C:\WINDOWS\SYSTEM32\ntdll.dll
0x00007ff9e6550000 - 0x00007ff9e6613000 	C:\WINDOWS\System32\KERNEL32.DLL
0x00007ff9e51b0000 - 0x00007ff9e554c000 	C:\WINDOWS\System32\KERNELBASE.dll
0x00007ff9e5970000 - 0x00007ff9e5a1e000 	C:\WINDOWS\System32\ADVAPI32.dll
0x00007ff9e7980000 - 0x00007ff9e7a27000 	C:\WINDOWS\System32\msvcrt.dll
0x00007ff9e6490000 - 0x00007ff9e6534000 	C:\WINDOWS\System32\sechost.dll
0x00007ff9e6700000 - 0x00007ff9e6815000 	C:\WINDOWS\System32\RPCRT4.dll
0x00007ff9e62e0000 - 0x00007ff9e648d000 	C:\WINDOWS\System32\USER32.dll
0x00007ff9e5730000 - 0x00007ff9e5756000 	C:\WINDOWS\System32\win32u.dll
0x00007ff9e6840000 - 0x00007ff9e6869000 	C:\WINDOWS\System32\GDI32.dll
0x00007ff9e4eb0000 - 0x00007ff9e4fc2000 	C:\WINDOWS\System32\gdi32full.dll
0x00007ff9e5550000 - 0x00007ff9e55ea000 	C:\WINDOWS\System32\msvcp_win.dll
0x00007ff9e5760000 - 0x00007ff9e5871000 	C:\WINDOWS\System32\ucrtbase.dll
0x00007ff9cfc20000 - 0x00007ff9cfeae000 	C:\WINDOWS\WinSxS\amd64_microsoft.windows.common-controls_6595b64144ccf1df_6.0.22621.608_none_a9444ca7c10bb01d\COMCTL32.dll
0x00007ff9e7250000 - 0x00007ff9e7282000 	C:\WINDOWS\System32\IMM32.DLL
0x00000000506f0000 - 0x00000000507c2000 	C:\Program Files\Java\jdk1.8.0_144\jre\bin\msvcr100.dll
0x0000000077760000 - 0x0000000077ffd000 	C:\Program Files\Java\jdk1.8.0_144\jre\bin\server\jvm.dll
0x00007ff9e61a0000 - 0x00007ff9e61a8000 	C:\WINDOWS\System32\PSAPI.DLL
0x00007ff9dc690000 - 0x00007ff9dc6c4000 	C:\WINDOWS\SYSTEM32\WINMM.dll
0x00007ff9c34b0000 - 0x00007ff9c34b9000 	C:\WINDOWS\SYSTEM32\WSOCK32.dll
0x00007ff9dc860000 - 0x00007ff9dc86a000 	C:\WINDOWS\SYSTEM32\VERSION.dll
0x00007ff9e6680000 - 0x00007ff9e66f1000 	C:\WINDOWS\System32\WS2_32.dll
0x00000000506a0000 - 0x00000000506af000 	C:\Program Files\Java\jdk1.8.0_144\jre\bin\verify.dll
0x0000000050670000 - 0x0000000050699000 	C:\Program Files\Java\jdk1.8.0_144\jre\bin\java.dll
0x0000000050650000 - 0x0000000050666000 	C:\Program Files\Java\jdk1.8.0_144\jre\bin\zip.dll
0x00007ff9e68c0000 - 0x00007ff9e70af000 	C:\WINDOWS\System32\SHELL32.dll
0x00007ff9e2ea0000 - 0x00007ff9e3768000 	C:\WINDOWS\SYSTEM32\windows.storage.dll
0x00007ff9e75f0000 - 0x00007ff9e797a000 	C:\WINDOWS\System32\combase.dll
0x00007ff9e2d60000 - 0x00007ff9e2e9e000 	C:\WINDOWS\SYSTEM32\wintypes.dll
0x00007ff9e60a0000 - 0x00007ff9e6191000 	C:\WINDOWS\System32\SHCORE.dll
0x00007ff9e5a40000 - 0x00007ff9e5a9e000 	C:\WINDOWS\System32\shlwapi.dll
0x00007ff9e4de0000 - 0x00007ff9e4e01000 	C:\WINDOWS\SYSTEM32\profapi.dll
0x00007ff99a7f0000 - 0x00007ff99a8df000 	C:\Program Files\Java\jdk1.8.0_144\jre\bin\msvcr120.dll
0x00007ff99aa10000 - 0x00007ff99aab6000 	C:\Program Files\Java\jdk1.8.0_144\jre\bin\msvcp120.dll
0x0000000077660000 - 0x0000000077682000 	C:\Program Files\Java\jdk1.8.0_144\jre\bin\prism_d3d.dll
0x00007ff9d2660000 - 0x00007ff9d2809000 	C:\WINDOWS\system32\d3d9.dll
0x00007ff9e1e80000 - 0x00007ff9e1eab000 	C:\WINDOWS\SYSTEM32\dwmapi.dll
0x00007ff9e24e0000 - 0x00007ff9e2516000 	C:\WINDOWS\SYSTEM32\dxcore.dll
0x00007ff9e1c00000 - 0x00007ff9e1cab000 	C:\WINDOWS\system32\uxtheme.dll
0x00007ff988d70000 - 0x00007ff988e1f000 	C:\WINDOWS\SYSTEM32\d3d9on12.dll
0x00007ff996b40000 - 0x00007ff996b63000 	C:\WINDOWS\SYSTEM32\d3d12.dll
0x00007ff9e1d70000 - 0x00007ff9e1e67000 	C:\WINDOWS\SYSTEM32\dxgi.dll
0x00007ff9e4b60000 - 0x00007ff9e4bae000 	C:\WINDOWS\SYSTEM32\cfgmgr32.dll
0x00007ff9e55f0000 - 0x00007ff9e566b000 	C:\WINDOWS\System32\bcryptPrimitives.dll
0x00007ff987470000 - 0x00007ff987671000 	C:\WINDOWS\SYSTEM32\D3D12Core.dll
0x00007ff9e3ff0000 - 0x00007ff9e4008000 	C:\WINDOWS\SYSTEM32\kernel.appcore.dll
0x00007ff98fe10000 - 0x00007ff98fe33000 	C:\WINDOWS\System32\DriverStore\FileRepository\iigd_dch.inf_amd64_e04d20469f199b2b\igd12umd64.dll
0x00007ff96f8e0000 - 0x00007ff9702fb000 	C:\WINDOWS\System32\DriverStore\FileRepository\iigd_dch.inf_amd64_e04d20469f199b2b\igd12um64xel.dll
0x00007ff9e4fd0000 - 0x00007ff9e5136000 	C:\WINDOWS\System32\CRYPT32.dll
0x00007ff9e4870000 - 0x00007ff9e4898000 	C:\WINDOWS\SYSTEM32\bcrypt.dll
0x00007ff9d8fe0000 - 0x00007ff9d9019000 	C:\WINDOWS\SYSTEM32\ControlLib.dll
0x00007ff9e5ba0000 - 0x00007ff9e601a000 	C:\WINDOWS\System32\SETUPAPI.dll
0x00007ff9e4bb0000 - 0x00007ff9e4be3000 	C:\WINDOWS\SYSTEM32\DEVOBJ.dll
0x00007ff9d8e80000 - 0x00007ff9d8ee1000 	C:\WINDOWS\System32\DriverStore\FileRepository\iigd_dch.inf_amd64_e04d20469f199b2b\IntelControlLib.dll
0x00007ff9e5140000 - 0x00007ff9e51ab000 	C:\WINDOWS\System32\WINTRUST.dll
0x00007ff9e4710000 - 0x00007ff9e4722000 	C:\WINDOWS\SYSTEM32\MSASN1.dll
0x00007ff9de9c0000 - 0x00007ff9dea09000 	C:\WINDOWS\SYSTEM32\directxdatabasehelper.dll
0x00007ff9d8800000 - 0x00007ff9d8bc8000 	C:\WINDOWS\System32\DriverStore\FileRepository\iigd_dch.inf_amd64_e04d20469f199b2b\igdgmm64.dll
0x00007ff9d51f0000 - 0x00007ff9d87f5000 	C:\WINDOWS\System32\DriverStore\FileRepository\iigd_dch.inf_amd64_e04d20469f199b2b\igc64.dll
0x00007ff9e70b0000 - 0x00007ff9e724c000 	C:\WINDOWS\System32\ole32.dll
0x00007ff98e380000 - 0x00007ff98e3af000 	C:\WINDOWS\SYSTEM32\D3DSCache.dll
0x00007ff9e4550000 - 0x00007ff9e4578000 	C:\WINDOWS\SYSTEM32\USERENV.dll
0x00007ff965360000 - 0x00007ff969bc0000 	C:\WINDOWS\System32\DriverStore\FileRepository\iigd_dch.inf_amd64_e04d20469f199b2b\igd12dxva64.dll
0x00007ff9e7350000 - 0x00007ff9e7427000 	C:\WINDOWS\System32\OLEAUT32.dll
0x00007ff99dd30000 - 0x00007ff99dd57000 	C:\WINDOWS\System32\DriverStore\FileRepository\iigd_dch.inf_amd64_e04d20469f199b2b\igdinfo64.dll
0x00007ff9db430000 - 0x00007ff9db69a000 	C:\WINDOWS\SYSTEM32\twinapi.appcore.dll
0x0000000077610000 - 0x0000000077653000 	C:\Program Files\Java\jdk1.8.0_144\jre\bin\glass.dll
0x00007ff9e5aa0000 - 0x00007ff9e5b97000 	C:\WINDOWS\System32\COMDLG32.dll
0x00007ff9e61b0000 - 0x00007ff9e62ce000 	C:\WINDOWS\System32\MSCTF.dll
0x0000000050630000 - 0x000000005064a000 	C:\Program Files\Java\jdk1.8.0_144\jre\bin\net.dll
0x00007ff9e4460000 - 0x00007ff9e44c9000 	C:\WINDOWS\system32\mswsock.dll
0x00007ff9e3aa0000 - 0x00007ff9e3b93000 	C:\WINDOWS\SYSTEM32\DNSAPI.dll
0x00007ff9e3a30000 - 0x00007ff9e3a5d000 	C:\WINDOWS\SYSTEM32\IPHLPAPI.DLL
0x00007ff9e62d0000 - 0x00007ff9e62d9000 	C:\WINDOWS\System32\NSI.dll
0x00007ff9dcc40000 - 0x00007ff9dcc4a000 	C:\Windows\System32\rasadhlp.dll
0x00007ff9dc4b0000 - 0x00007ff9dc533000 	C:\WINDOWS\System32\fwpuclnt.dll
0x0000000074170000 - 0x0000000076924000 	C:\Program Files\Java\jdk1.8.0_144\jre\bin\jfxwebkit.dll
0x00007ff9e46b0000 - 0x00007ff9e46cb000 	C:\WINDOWS\SYSTEM32\CRYPTSP.dll
0x00007ff9e3f60000 - 0x00007ff9e3f95000 	C:\WINDOWS\system32\rsaenh.dll
0x00007ff9e46d0000 - 0x00007ff9e46dc000 	C:\WINDOWS\SYSTEM32\CRYPTBASE.dll
0x00000000775f0000 - 0x0000000077604000 	C:\Program Files\Java\jdk1.8.0_144\jre\bin\javafx_font.dll
0x0000000050610000 - 0x0000000050621000 	C:\Program Files\Java\jdk1.8.0_144\jre\bin\nio.dll
0x00007ff9e06c0000 - 0x00007ff9e0927000 	C:\WINDOWS\SYSTEM32\dwrite.dll
0x00000000776a0000 - 0x00000000776c4000 	C:\Program Files\Java\jdk1.8.0_144\jre\bin\sunec.dll
0x00007ff9dcc70000 - 0x00007ff9dcc89000 	C:\WINDOWS\SYSTEM32\dhcpcsvc6.DLL
0x00007ff9dcc50000 - 0x00007ff9dcc6f000 	C:\WINDOWS\SYSTEM32\dhcpcsvc.DLL
0x00007ff9e72a0000 - 0x00007ff9e7350000 	C:\WINDOWS\System32\clbcatq.dll
0x00007ff9e0510000 - 0x00007ff9e06c0000 	C:\WINDOWS\SYSTEM32\WindowsCodecs.dll
0x00007ff9cf950000 - 0x00007ff9cf9ae000 	C:\WINDOWS\system32\dataexchange.dll
0x00007ff9a7a60000 - 0x00007ff9a7a92000 	C:\Program Files\Common Files\Microsoft Shared\Ink\rtscom.dll
0x00007ff9cdb20000 - 0x00007ff9cdc4d000 	C:\WINDOWS\SYSTEM32\textinputframework.dll
0x00007ff9e1800000 - 0x00007ff9e1933000 	C:\WINDOWS\SYSTEM32\CoreMessaging.dll
0x00007ff9ddfe0000 - 0x00007ff9de34c000 	C:\WINDOWS\SYSTEM32\CoreUIComponents.dll
0x00000000775d0000 - 0x00000000775e1000 	C:\Program Files\Java\jdk1.8.0_144\jre\bin\prism_common.dll
0x0000000077690000 - 0x000000007769b000 	C:\Program Files\Java\jdk1.8.0_144\jre\bin\sunmscapi.dll
0x00000000775a0000 - 0x00000000775c3000 	C:\Program Files\Java\jdk1.8.0_144\jre\bin\javafx_iio.dll
0x00007ff9e2280000 - 0x00007ff9e24ae000 	C:\WINDOWS\SYSTEM32\dbghelp.dll

VM Arguments:
jvm_args: -Dfile.encoding=UTF-8 
java_command: NewMain
java_class_path (initial): C:\Program Files\NetBeans 8.2\ide\modules\ext\mysql-connector-java-5.1.23-bin.jar;C:\Esprit\Esprit 3.2\Bureau\PiDevHytaco\Campi-java-master\lib\okhttp-3.9.0.jar;C:\Esprit\Esprit 3.2\Bureau\PiDevHytaco\Campi-java-master\lib\controlsfx-8.40.11.jar;C:\Esprit\Esprit 3.2\Bureau\PiDevHytaco\Campi-java-master\lib\controlsfx-samples-8.40.11.jar;C:\Esprit\Esprit 3.2\Bureau\PiDevHytaco\Campi-java-master\lib\AnimateFX-1.2.0.jar;C:\Esprit\Esprit 3.2\Bureau\PiDevHytaco\Campi-java-master\lib\TrayNotification.jar;C:\Esprit\Esprit 3.2\Bureau\crud-operations-using-java-and-mysql-master\src\libaries_icons\jfoenix-8.0.1.jar;C:\Esprit\Esprit 3.2\Bureau\crud-operations-using-java-and-mysql-master\src\libaries_icons\fontawesomefx-glyphsbrowser-all-1.0.jar;C:\Esprit\Esprit 3.2\Bureau\crud-operations-using-java-and-mysql-master\src\libaries_icons\fontawesomefx-8.9.jar;C:\Esprit\Esprit 3.2\Bureau\PiDevHytaco\Campi-java-master\lib\fontawesomefx-8.0.1.jar;C:\Esprit\Esprit 3.2\Bureau\PiDevHytaco\Campi-java-master\lib\fontawesomefx-8.1.jar;C:\Esprit\Esprit 3.2\Bureau\javafx-media-20-ea+19.jar;C:\Esprit\Esprit 3.2\Bureau\javafx-graphics-20-ea+19.jar;C:\Esprit\Esprit 3.2\Bureau\javafx-base-20-ea+19.jar;C:\Esprit\Esprit 3.2\Bureau\javafx-web-11.jar;C:\Users\maiss\Documents\NetBeansProjects\Wassalni\build\classes
Launcher Type: SUN_STANDARD

Environment Variables:
PATH=C:\oraclexe\app\oracle\product\11.2.0\server\bin;C:\ProgramData\Oracle\Java\javapath;C:\Windows\system32;C:\Windows;C:\Windows\System32\Wbem;C:\Windows\System32\WindowsPowerShell\v1.0\;C:\Windows\System32\OpenSSH\;C:\Program Files (x86)\NVIDIA Corporation\PhysX\Common;C:\Program Files\NVIDIA Corporation\NVIDIA NvDLISR;C:\WINDOWS\system32;C:\WINDOWS;C:\WINDOWS\System32\Wbem;C:\WINDOWS\System32\WindowsPowerShell\v1.0\;C:\WINDOWS\System32\OpenSSH\;C:\xampp\php;C:\composer;C:\Program Files\Git\cmd;C:\Users\maiss\scoop\shims;C:\Users\maiss\AppData\Local\Microsoft\WindowsApps;C:\Users\maiss\AppData\Local\Programs\Microsoft VS Code\bin;C:\Users\maiss\AppData\Roaming\Composer\vendor\bin;C:\Users\maiss\AppData\Local\GitHubDesktop\bin
USERNAME=Maissa
OS=Windows_NT
PROCESSOR_IDENTIFIER=Intel64 Family 6 Model 154 Stepping 3, GenuineIntel



---------------  S Y S T E M  ---------------

OS: Windows 10.0 , 64 bit Build 22621 (10.0.22621.1194)

CPU:total 20 (initial active 20) (10 cores per cpu, 2 threads per core) family 6 model 154 stepping 3, cmov, cx8, fxsr, mmx, sse, sse2, sse3, ssse3, sse4.1, sse4.2, popcnt, avx, avx2, aes, clmul, erms, 3dnowpref, lzcnt, ht, tsc, tscinvbit, bmi1, bmi2, adx

Memory: 4k page, physical 16389092k(7590244k free), swap 18879460k(6047044k free)

vm_info: Java HotSpot(TM) 64-Bit Server VM (25.144-b01) for windows-amd64 JRE (1.8.0_144-b01), built on Jul 21 2017 21:57:33 by "java_re" with MS VC++ 10.0 (VS2010)

time: Tue Mar 07 15:19:54 2023
elapsed time: 19 seconds (0d 0h 0m 19s)

